<?xml version="1.0" encoding="UTF-8"?>
<robot generator="Robot 7.1.1 (Python 3.10.12 on linux)" generated="2024-11-12T11:20:23.011255" rpa="false" schemaversion="5">
<suite id="s1" name="Reset" source="/home/kekknuut/webcounter/src/tests/reset.robot">
<kw name="Open And Configure Browser" owner="resource" type="SETUP">
<if>
<branch type="IF" condition="$BROWSER == 'chrome'">
<kw name="Evaluate" owner="BuiltIn">
<msg time="2024-11-12T11:20:23.101423" level="INFO">${options} = &lt;selenium.webdriver.chrome.options.Options object at 0x773019f3e290&gt;</msg>
<var>${options}</var>
<arg>sys.modules['selenium.webdriver'].ChromeOptions()</arg>
<arg>sys</arg>
<doc>Evaluates the given expression in Python and returns the result.</doc>
<status status="PASS" start="2024-11-12T11:20:23.101200" elapsed="0.000253"/>
</kw>
<status status="PASS" start="2024-11-12T11:20:23.099008" elapsed="0.002498"/>
</branch>
<branch type="ELSE IF" condition="$BROWSER == 'firefox'">
<kw name="Evaluate" owner="BuiltIn">
<var>${options}</var>
<arg>sys.modules['selenium.webdriver'].FirefoxOptions()</arg>
<arg>sys</arg>
<doc>Evaluates the given expression in Python and returns the result.</doc>
<status status="NOT RUN" start="2024-11-12T11:20:23.101615" elapsed="0.000019"/>
</kw>
<status status="NOT RUN" start="2024-11-12T11:20:23.101537" elapsed="0.000131"/>
</branch>
<status status="PASS" start="2024-11-12T11:20:23.098992" elapsed="0.002699"/>
</if>
<if>
<branch type="IF" condition="$HEADLESS == 'true'">
<kw name="Set Selenium Speed" owner="SeleniumLibrary">
<arg>0</arg>
<doc>Sets the delay that is waited after each Selenium command.</doc>
<status status="NOT RUN" start="2024-11-12T11:20:23.101862" elapsed="0.000019"/>
</kw>
<kw name="Call Method" owner="BuiltIn">
<arg>${options}</arg>
<arg>add_argument</arg>
<arg>--headless</arg>
<doc>Calls the named method of the given object with the provided arguments.</doc>
<status status="NOT RUN" start="2024-11-12T11:20:23.101948" elapsed="0.000018"/>
</kw>
<status status="NOT RUN" start="2024-11-12T11:20:23.101730" elapsed="0.000268"/>
</branch>
<branch type="ELSE">
<kw name="Set Selenium Speed" owner="SeleniumLibrary">
<arg>${DELAY}</arg>
<doc>Sets the delay that is waited after each Selenium command.</doc>
<status status="PASS" start="2024-11-12T11:20:23.102080" elapsed="0.000180"/>
</kw>
<status status="PASS" start="2024-11-12T11:20:23.102021" elapsed="0.000276"/>
</branch>
<status status="PASS" start="2024-11-12T11:20:23.101720" elapsed="0.000613"/>
</if>
<kw name="Open Browser" owner="SeleniumLibrary">
<msg time="2024-11-12T11:20:23.102593" level="INFO">Opening browser 'chrome' to base url 'None'.</msg>
<arg>browser=${BROWSER}</arg>
<arg>options=${options}</arg>
<doc>Opens a new browser instance to the optional ``url``.</doc>
<status status="PASS" start="2024-11-12T11:20:23.102406" elapsed="0.357179"/>
</kw>
<status status="PASS" start="2024-11-12T11:20:23.098834" elapsed="0.360902"/>
</kw>
<test id="s1-t1" name="When counter has a nonzero value and it is reset the value becomes zero" line="7">
<kw name="Go To" owner="SeleniumLibrary">
<msg time="2024-11-12T11:20:23.460471" level="INFO">Opening url 'http://localhost:5001'</msg>
<arg>${HOME_URL}</arg>
<doc>Navigates the current browser window to the provided ``url``.</doc>
<status status="PASS" start="2024-11-12T11:20:23.460289" elapsed="0.532602"/>
</kw>
<kw name="Title Should Be" owner="SeleniumLibrary">
<msg time="2024-11-12T11:20:24.504334" level="INFO">Page title is 'Laskuri'.</msg>
<arg>Laskuri</arg>
<doc>Verifies that the current page title equals ``title``.</doc>
<status status="PASS" start="2024-11-12T11:20:23.993458" elapsed="0.511152"/>
</kw>
<kw name="Page Should Contain" owner="SeleniumLibrary">
<msg time="2024-11-12T11:20:25.531031" level="INFO">Current page contains text 'nappia painettu 0 kertaa'.</msg>
<arg>nappia painettu 0 kertaa</arg>
<doc>Verifies that current page contains ``text``.</doc>
<status status="PASS" start="2024-11-12T11:20:24.505257" elapsed="1.025924"/>
</kw>
<kw name="Click Button" owner="SeleniumLibrary">
<msg time="2024-11-12T11:20:25.531745" level="INFO">Clicking button 'Paina'.</msg>
<arg>Paina</arg>
<doc>Clicks the button identified by ``locator``.</doc>
<status status="PASS" start="2024-11-12T11:20:25.531435" elapsed="1.591540"/>
</kw>
<kw name="Click Button" owner="SeleniumLibrary">
<msg time="2024-11-12T11:20:27.124041" level="INFO">Clicking button 'Paina'.</msg>
<arg>Paina</arg>
<doc>Clicks the button identified by ``locator``.</doc>
<status status="PASS" start="2024-11-12T11:20:27.123550" elapsed="1.575670"/>
</kw>
<kw name="Page Should Contain" owner="SeleniumLibrary">
<msg time="2024-11-12T11:20:29.724316" level="INFO">Current page contains text 'nappia painettu 2 kertaa'.</msg>
<arg>nappia painettu 2 kertaa</arg>
<doc>Verifies that current page contains ``text``.</doc>
<status status="PASS" start="2024-11-12T11:20:28.699879" elapsed="1.024723"/>
</kw>
<kw name="Click Button" owner="SeleniumLibrary">
<msg time="2024-11-12T11:20:29.725719" level="INFO">Clicking button 'Nollaa'.</msg>
<arg>Nollaa</arg>
<doc>Clicks the button identified by ``locator``.</doc>
<status status="PASS" start="2024-11-12T11:20:29.725205" elapsed="1.576302"/>
</kw>
<kw name="Page Should Contain" owner="SeleniumLibrary">
<msg time="2024-11-12T11:20:32.325085" level="INFO">Current page contains text 'nappia painettu 0 kertaa'.</msg>
<arg>nappia painettu 0 kertaa</arg>
<doc>Verifies that current page contains ``text``.</doc>
<status status="PASS" start="2024-11-12T11:20:31.302257" elapsed="1.023121"/>
</kw>
<status status="PASS" start="2024-11-12T11:20:23.459848" elapsed="8.866120"/>
</test>
<kw name="Close Browser" owner="SeleniumLibrary" type="TEARDOWN">
<doc>Closes the current browser.</doc>
<status status="PASS" start="2024-11-12T11:20:32.328544" elapsed="0.559737"/>
</kw>
<status status="PASS" start="2024-11-12T11:20:23.012064" elapsed="9.876419"/>
</suite>
<statistics>
<total>
<stat pass="1" fail="0" skip="0">All Tests</stat>
</total>
<tag>
</tag>
<suite>
<stat pass="1" fail="0" skip="0" id="s1" name="Reset">Reset</stat>
</suite>
</statistics>
<errors>
</errors>
</robot>
